[WearoutPredictor] Loaded model from models/wearout_model.pkl
[ControllerPredictor] Loaded model from models/controller_model.pkl
✓ Predictors loaded successfully

============================================================
NVMe Failure Prediction Backend
============================================================
✓ MySQL Database: nvme_failure_db @ localhost
✓ Retrieved 5 records from database
✓ Test query returned 5 records
✓ Predictors loaded: True
✓ smartctl available: True

📡 Server running on: http://localhost:8080
============================================================

 * Serving Flask app 'app'
 * Debug mode: on
[31m[1mWARNING: This is a development server. Do not use it in a production deployment. Use a production WSGI server instead.[0m
 * Running on all addresses (0.0.0.0)
 * Running on http://127.0.0.1:8080
 * Running on http://10.56.215.223:8080
[33mPress CTRL+C to quit[0m
 * Restarting with stat
 * Debugger is active!
 * Debugger PIN: 243-901-551
